681554614630641664
681671475649118208
681953023434878976
681995755461058560
682301150633291776
682320276034613249
682626791006154753
682683922891722752
683015781907623936
683119304829583360
683345068367949824
683446517974183936
683732985808474112
683855394121228288
684097646110191616
684209979671363584
684470325220868096
684539926038220801
684844170427543552
684906586041532416
685161882081169408
685290054940413952
685572730117320705
685564328527826944
685935654551830528
685931003135848448
686239527489294336
686341190749392896
686672077638746112
686738289945128960
687008357903921153
687083018092199936
687365428293812225
687441803637690369
687738276598255617
687787554343616516
688074454094737409
688124042134466560
688426535913713664
688471321815183360
688800380981886977
688836659790528512
689186535472820224
689291846732787712
689513945556627456
689618570523766785
689919050093191168
689966936717922304
690282679753949184
690336887114964992
690606452378066945
690725073485869057
690972435215036416
691126379262382080
691329675805626368
691351942212112384
691703060570075136
691772036428009472
692065757568454656
692176320881639424
692383134801870849
692477361195974658
692820176941641728
692806949792931841
693152554688069634
693204386424684547
693547084071329792
693648710333440000
693913024998944768
693925451622944769
694274942813102080
694327280261320704
694606844308951040
694671731198291969
695001372828180482
694981228487806976
695311796941541380
695358588722683907
695719905115664384
695805400357085184
695974640271765504
696062098074263552
696360663937974273
696377185490333697
696775487486427136
696887742152704000
697165562338795520
697205237614907393
697487744176488448
697593024499552256
697880431035838464
697899199724032000
698250049701212164
698319465084129282
698580639273115649
698602710669488129
698962375878119424
699041716267933696
699354875671371776
699360475725824000
699678150377209860
699776571142320129
700019537681391616
700113230920884224
700383212598620161
700515329311580164
700770605939843072
700896266599972865
701072563666034688
701208304266117121
701495013931241472
701632536498188289
701848995472101376
701883073994969088
702177623380779008
702296559116029952
702592881970655232
702624755069775872
702976465441132545
703004094907023360
703316285195681793
703352941969874944
703675312089923585
703770402586144768
703959673565814785
704114543283277829
704425468477440001
704423458453598208
704779515558400000
704824553458024448
705117420667719680
705211215656554496
705482169825648640
705514423671087104
705875063023792128
705894467937501184
706158771647729664
706264787144089600
706544394728579073
706588035702497281
706926779865235456
707015542704611329
707283557169930245
707358302385119233
707684389832908800
707779020469903360
708042277235642368
708128595101814784
708395521015226368
708430159389564928
708689500453474305
708750197942263808
709099313054535683
709126220814925826
709501612419588096
709518094968995841
709773390241009664
709908570976997377
710219376545366016
710323566806302720
710515377722228740
710612962440912896
710916289678606336
710989299479482368
711243587887833088
711262487920975872
711599763473481729
711693829703794688
712008314641649666
712048845895684097
712343169606627328
712473788248555520
712731952449630208
712810000624779264
713114563252592640
713201272619343872
713462968386785282
713529680431685632
713794976895864832
713852275903430656
714168986448109568
714250396378787840
714512535014268928
714673610695262211
714920079318626304
715008264438611968
715248221350666242
715303543238856704
715602197812232192
715729842709237760
715978087096258561
716051011727523840
716289585228156928
716383546315644930
716696042067128323
716869272903921665
717064044356759552
717158352808058882
717461865182269441
717590552573677568
717833843957440512
717950493905936384
718195666577670144
718291121487638528
718541595524538369
718579216975941632
718906870543597568
718947578826633217
719166307481096192
719330343182946304
719632296794394624
719997824591654913
720042345794813952
720349214035849216
720369783892365312
720683896254435328
720718284086071296
721107140362907649
721084972249907200
721415552829227009
721434288290426880
721724979730104320
721758687606378498
722200593733779456
722231733471547393
722498678041104384
722567552925310980
722913630581354496
722921104545677312
723221339704799233
723348157862535169
723643846190485505
723737301185138688
723903727078387712
723980115755945984
724274175431565312
724359908200566784
724688190217449473
724709609403895808
725029245479608320
725153785769656320
725366963757789186
725517450809249792
725764901029867520
725797563912298497
726144404189286404
726228388394860544
726520610764013568
726637311476146177
726881813151535104
726992099787202561
727212118211219456
727240962691489792
727598258063691776
727713322250997761
727948358162255873
728001659322941440
728340397253120004
728386129070821376
728686613509742592
728821860486553600
728932957772206080
729122445077020672
729374335501217793
729542477154164736
729745338563616772
729882832605155328
730142708090556417
730187036422889472
730498769767141376
730603639862071297
730847370796224515
730904941989101568
731217469067689984
731267087025487872
731594200882532352
731598580029526016
731969690591989760
732066904454529024
732342379068280832
732404218917703680
732675935967682561
732787136156602368
733057199933526017
733164683075588096
733365981863661568
733511215842918400
733756748293513216
733855460676227072
734066818097291265
734180820856905728
734423953477926912
734509036180275201
734838862585856000
734977319027245056
735210507045502976
735237738165731329
735545477425307648
735681218633601025
735964537438887938
736015403420258304
736303489219854338
736301818699882496
736654838314995716
736680739241140224
736929974272286720
736992687828656128
737347908597485568
737459677286535168
737756803744862208
737864731621478407
738121288498155521
738179671062241280
738476050221400064
738564680889688065
738840911560495105
738869268532453376
739061186373640196
739242899661983744
739533702061916160
739579328875352064
739929173695823872
739988376942706688
740253408402145280
740371349647069188
740615924080771072
740716266030145536
741042263027900417
741103798505111552
741395782343888896
741472660769677312
741707055527038977
741818702748778496
742092704302108672
742464550805602304
742528350313320448
742812682013802496
742914673192800256
743157669272363008
743259489734918144
743543460834197506
743609415207616512
743898673839411200
743956637866561537
744229762004983808
744267252535418881
744627339779260416
744717985584123905
745009337303707648
745043704021295105
745363851172974592
745441243350458368
745741160426004482
745760988096434176
746106887498768384
746137368571191296
746457449712881664
746541823208882176
746783531376971776
746911606844461057
747130183228891136
747253084661948417
747533931482742784
747650109727457280
747904236063625216
747994541450493952
748274089664487424
748385788879069184
748635557706686464
748698755369672704
748954384592019457
749064002211229697
749339465978556416
749286693249966080
749717027242246144
749729798751129600
750064291504467968
750127095653683201
750410797248118789
750500657233207296
750763831895269376
750887966617300992
751163161282220032
751216820036575236
751508761571831808
751599450649485312
751871075806486528
751870185028616193
752262423281856512
752341805752946689
752560029203562496
752703475713077251
752975341052764160
753027567095918592
753340818094559232
753421922717749248
753714722948706304
753738426109661184
754069335774228480
754135575452614656
754385342321438721
754431690416717824
754787011618344960
754799788558786561
755097236317409280
755202051282460672
755511087890624512
755573542180098048
755889291826434048
755906913728999424
756235540685619200
756311677054758912
756595115871789057
756661100331012096
756897135380008960
756943262854877184
757323465032511490
757397252818206720
757648167940816896
757759698460413952
758041892433104897
758143591352971264
758412243511894016
758485624190033920
758730023364808706
758864774251687936
759136105354649600
759192587190304769
759416456014655488
759527563400245248
759855980586729472
759915197196668928
760183975348473857
760318144237957121
760571353963630593
760634383137136640
760916234036797440
760963853949685761
761266471754399744
761368757814132736
761660121835380737
761713625207808000
761940319923470336
762006148153090048
762405051306430464
762386622222626816
762763853704761344
762864358087024641
763124602591703040
763240175199784960
763468978006155265
763553505546268672
763869617265664000
763905165631959040
764205963838648320
764300911598526465
764486705130852353
764544594910515200
764877748816875520
764994478633398272
765316567064162305
765374510962909184
765669510699421696
765778127897370624
766021908341006336
766119393864527872
766359967985270785
766444917354799105
766732034974842880
766791588706152473
767052855920300032
767197315283025920
767451458543517696
767478450932166656
767833229554388992
767922035557269505
768174856500158464
768286027723137027
768557748678168576
768613318571491328
768867156230406144
768956057095856128
769268880627802113
769362793690791936
769613301139460096
769731831033896960
769971702977667073
770036937621139457
770378291572113409
770485662319542272
770744837104541696
770805560715448321
771098711938269184
771136574042013701
771432170002849792
771459438007967744
771759124266618880
771880920236294145
772192846648598530
772225649897537536
772449285262671872
772668086696697857
772858458295107584
772939295648718848
773256053878173696
773298987084476417
773635384316047360
773679643459149824
773973946748272641
774107005833261056
774317965718261761
774414136478498821
774690437516886017
774764559659782145
775004715763527680
775015703254564864
775443144565547009
775516607670091776
775815237475807232
775933251781267456
776164135843266564
776193398738911232
776558783908700160
776628606697021440
776852603397431296
776940700277481472
784780387180425217
784874225274392576
785176272150290432
785189722729619457
785565313681256448
785631688856436736
785955164716949504
786041083251740672
786298865817354241
786388240840454144
786644747154780161
786744013034577920
787015046346014720
787097498556956672
787355872498515969
787436122498486272
787764310558838784
787845183509528576
788114498590760960
788124436323008512
788459282685493249
788536255617335297
788810204594905088
788932692633083904
789175999615209473
789293843900497920
789567677639512065
789615338396774400
789877205035683840
790034212808253440
790271354897596417
790352609643208704
790625435096903680
790741554742824960
791025805023387652
791061652384931840
791350989731172352
791420948989767681
791741017657528320
791794150412685312
792070455360311296
792203751058644996
792432059306344448
792531537606696960
792764645270556672
792839184146759680
793162135379533825
793230573808386048
793553839840333828
793613541227896832
793899352926351360
794038730415894528
794278660324917251
794342914486697985
794655296673218560
794707574046134272
794977829192605696
795016334258147329
795336259547918340
795460305996414976
795710636907003904
795825426459402240
796080660561743872
796176310410223616
796425847523737601
796526321811750912
796774939256877056
796929979774861313
797167826725404673
797193006541574146
797545234255200257
797568449300103168
797901857108742145
797999761194385408
798230200718917633
798285191101845504
798611782424104963
798743569754374146
798975435359027200
799077852629045248
799371715318980608
799447152518893568
799709338541506561
799831072066433024
800087755732713472
800155184282341376
800442538582650880
800527508919566336
800789485881589760
800908601598574593
801170372116840449
801250940099694593
801493794306871296
801623630505529344
801839962752684032
801910055847260161
802266028503867393
802300334374690816
802626781228498945
802599270239109120
802962234951380992
803031570542194689
803318711423746049
803452924663922688
803696556767490051
803755197134557185
804032520350273536
804134914505457664
804396676999946241
804531611358334976
804752289135149056
804856140274155520
805107336243249152
805245232304373760
805492734865928192
805563025243701248
805857154876002305
805915181335347201
806242609614192640
806334682954604545
806576818140499968
806696808374095872
806945555985244161
807061185124241408
807278080750284800
807349951986540546
807597314911170562
807747292468015104
808035976786444289
808099186390564865
808405998985740289
808451932784361472
808718131195760641
808819415848468480
809081595432988673
809219488063295488
809485359621046273
809600441696878592
809865193798901760
809923508285345792
810183736436412416
810210871716651008
810545671614898178
810618856096104449
810914289611669504
810960871015018497
811254854936973312
811420902495756288
811635016903950336
811798940920250368
811979623982452736
812083314832052225
812382562148581377
812421132246728704
812739044685840385
812771755114852352
812989308466503680
813171724544045057
813458822329208832
813528353407959040
813842449269452800
813915421225127937
814182126191050752
814274628457791488
814538284001062912
814645133933060096
814908418507018240
815022716038377472
815237180335464448
815340000556576768
815658395810299904
815785614700228608
815985810587586560
816123584175362048
816372797492625408
816476723751636992
816754119021101056
816827632394244096
817114005537951744
817180358382911490
817457213216358401
817534270554198016
817802190999920640
817936936828600320
818158377729687552
818219987433299968
818557579420803072
818623220525826049
818888936231735299
818993064882634754
819258592763215874
819333206914830339
819640644209704964
819726479609233409
820021815724609536
820087858006327296
820381730972504066
820453483123970049
820728045254414336
820815933937688576
821092264294445056
821145543145639936
821473855558406144
821506647361200129
821794819089530880
821851202308583424
822184034436583424
822270631173648385
822504509763158016
822624258685865984
822892039494922246
823027939486863360
823276744757182464
823366906551865344
823641562190151680
823722094051655684
823989285288312833
824065580303077376
824376219344920576
824412024704737280
824698208223981577
824816457158647808
825101554592067584
825168022822387712
825426266526322689
825467762113908737
825825867460927492
825903625742450688
826183423366721536
826245230022193153
826547003299598336
826610530240569345
826872940415287297
826972092415438848
827278348120264706
827320801535877120
827607239326314496
827663539284406272
827988987897864193
828060290373865472
828302688219758592
828394147237199872
828691246734536704
828813198568611840
829074482014846977
829160429314256896
829433537421926400
829479858094870529
829787088451227648
829912887816761345
830107060717158404
830223358969180160
830465221433126912
830542294835150848
830867671985987584
830964825027145732
831229113977405440
831358856097853441
831596419391827970
831722349858791424
831975275990745088
832077213931560960
832340609725825024
832426613686009857
832681369524269062
832781836917043200
833053630118887425
833129175129145344
833411004935577600
833502733659369472
833757298380173313
833838768071274497
834118145543651329
834205328581369856
834496709740920835
834613915669692416
834842544345321477
834973911334989825
835220816988155905
835310966317383682
835582804134088708
835707411340148736
835911167038095360
835977000720470017
836335268537991173
836375506945716226
836692091522727937
836750843848306688
837033212463448065
837137643632721921
837383167480905729
837519438979170304
837750929139122177
837863684085067776
838115056965545984
838176487505289216
838475104254373889
838600123483635712
838867196659052544
838916379436695552
839203356857909248
839288231720071169
839587612541218822
839672549806080000
839942212104384512
840036799254790144
840271214639755264
840345922445942785
840636042470400000
840681774967582723
840971154487676928
841100550041157632
841393587006930948
841438931384164353
841758840265805824
841846593808666624
842125780826095616
842178744836079617
842474196613632000
842536316432609280
842850761948114944
842904002601897988
843209676103802881
843263407075852288
843534070873296897
843680008606547968
843940392005521408
844043743288279040
844305994360541184
844380708235857923
844656771625029632
844721903654879232
845006672896626688
845057943691284480
845365410354597889
845415134390571008
845729551783149568
845758392866082816
846107031945797632
846194398413119492
846445632529289218
846544900392931329
846835796451758082
846887304379744259
847193657082044416
847273684456701952
847555281550802945
847613181094641665
847896890133934081
848001713692745730
848283092829822976
848402595018395648
848666318190596098
848762025857568769
848996396439138305
849120442937991168
849382828899016704
849470654437089280
849737966968688643
849832037838196736
850100277986381824
850186875499401216
850439285794893824
850566353450881024
850820565585862657
850878402743730176
851109210473496576
851194885042565120
851524962531897344
851641111194071044
851889777225994245
852015801380904961
852280087902732288
852354148758683648
852609894574432256
852723051032608768
853003269953789952
853077832024694784
853356514429599744
853446576810885120
853664758792323072
853792397641297920
854045534851674112
854163821275099136
854444403800375297
854563164020772865
854802285175681024
854894239397761024
855177916925190144
855239610456256512
855530873382371328
855629488498946049
855904384705851393
856008979675099137
856246304623689729
856333896392130560
856618023012249602
856686694782967808
856980766152171520
857041188607709184
857357358313472004
857416266327482375
857724817365245953
857786421280636928
858068307974529024
858175524589506560
858382868996907008
858478580392759298
858788122842288128
858849738816356352
859159557788114944
859228257580982273
859516578437750784
859623644267520005
859877497068040196
859958281661542400
860245804644274177
860283071253426176
860583218080235521
860677748330725377
860982816405954562
861059626766348288
861348698198028288
861429712278573056
861698495270592512
861772162465755141
862053829591937024
862127341539131392
862401230592757762
862533961200918528
862755867879460864
862883756780158976
863103911556775937
863183250793123840
863439229078163456
863530342657011712
863835276145291264
863986147457998849
864213259527884801
864321010488795136
864589295973269506
864657980326899713
864963044551602178
865026421470703617
865331579874422785
865370937121701888
865676556357816320
865756642520039424
866020716034101248
866173381426675712
866400931100884995
866507454296805377
866753026274590721
866838350652682240
867124494686670854
867200439544053761
867480566005874692
867565861309222914
867849849277792256
867958456929533955
868197068850028544
868276914288381952
868536481094266880
868576807984955392
868939209385684996
868952530541322240
869268356708409344
869318682106900481
869639695923326977
869737467448107008
870024531095769089
870119659714097153
870358695259119617
870462235205931009
870751905915568128
870792118750519296
871140010141130752
871205373927141376
871462042393247747
871589929180028928
871840683098857475
871922958645776384
872185682394873856
872317193438064640
872560279996973057
872667026564816901
872945088342654976
873017012485795840
873282290557890560
873361336893362176
873630905209958401
873723728458391552
874037272869560322
874050106970046464
874356905354960897
874462495506870272
874748079009824768
874807356806373378
875081995906412548
875171001499123712
875479721135525888
875558886639620096
875821579141357568
875932315939164160
876173844180074496
876243216349122560
876494721459396609
876683708564029440
876926337776275459
877005659417587712
877276845070315522
877347595244449792
877641886445522944
877742967154409473
877979512092241922
878029599686369280
878337865868075009
878419085700280321
878685679378739200
878738028587618306
879023962432442368
879174315891187713
879469497509449728
879521931590070272
879833007326154752
879867206825197569
880179133057294336
880268038653620224
880505251815731200
880629785952636929
880879696728260609
880975555952332801
881283793000247296
881331595084406784
881622774296358912
881676892499259393
881947384078417920
882091671097421824
882337208140746752
882403937093132288
882696447522725888
882830986928640000
883044358462652416
884140104821780480
884231933726781441
884529177059373057
884649692533055490
884905221322878976
885006663551504384
885250880890601474
885357370741673985
885636558769971201
885696645312196610
885984016280760320
886086719568846848
886333422041477120
886412600107565056
886685031728631808
886768649931034625
887064380571103232
887153480682659840
887384949220880389
887494686960758784
887781355492343808
887856863341137921
888098748320161798
888238363026874368
888514419990433794
888598317231427584
888844840812859394
888902984289177600
889199878865379328
889306921668411392
889595311303380992
889664973173141504
889984834927554562
890065584381206529
890294292174045184
890401348285472770
890675410295336960
890755949744586753
891033140327702529
891118341880000516
891379089990397952
891480741988716544
891731629386936320
891865845105704960
892132033748717569
892239376721293313
892507804652777473
892567889823358976
892882769491050496
892960659939393540
893219187350491136
893316206102327296
893595862286442496
893655067168980992
893949045173084161
894029579534442496
894278706537148416
894350067968032768
894670724945764353
894765075705192452
895111496979668992
895401754933809152
895489330772312064
895740063530668033
895828049039458304
896134577617489920
896159809212370944
896471212376936448
896584485080186880
896851350935490561
896883487550066688
897192922130591745
897279130982428672
897546965067497472
897639047522340864
897943489362640896
898029074009870336
898292634514448386
898338595513131008
898655021818150913
898735640031920129
899017390104731649
899125036992409600
899369167534653441
899420942090285056
899710161027248133
899815648146149376
900102343185883137
900196403254878210
900466945656532992
900535434169774081
900853477227851776
900902822803386369
901202275867262976
901250324257800194
901580018437955584
901589999321104385
901912151090180096
902018460733104128
902289664207458305
902387502413221888
902667188758241280
902740161250729984
902996775333765121
903103434357923840
903370597408919554
903467733576179712
903728465916174336
903778251369218050
904093078235082752
904169552526934017
904428950922952704
904531819370045441
904809819282051076
904927030675943425
905174685679329280
905276993763254276
905540368044838914
905613866729521152
905895738885988352
906033066203783168
906290306961768448
906351588029206528
906627576520695808
906701024727064576
906989918974615554
907077003878195200
907374169314258944
907433529188941830
907727776630951941
907816864448778240
908095356898103296
908189255654092800
908439837635686400
908549635370659846
908776041782575104
908869333882871808
909182547732697089
909211810204672001
909488633530474496
909582709441298432
909889020880130049
909962514322083843
910250622229901312
910324954427740160
910637996885598208
910681224162590721
910976195726069760
911059457752276992
911323240919977984
911390949762355200
911701720719413248
911800705022820353
912041205135011845
912130752871100418
912429185372524544
912499219109486593
912754495246958592
912875652067491842
913138561699991553
913229722041057280
913489603671322625
913573891695566849
913873468453789696
913908505463197696
914199673434451969
914240931582418945
914553616043782146
914701474059472897
914936958698360834
915035936039346176
915324877388869632
915395778662694912
915655242242494468
915755876920823808
916039094710489093
916113186973155328
916417202370334720
916485489938587649
916698676483055616
916774395443580930
917101532281294850
917167590140731392
917499176069591041
917594227902689280
917847318392647680
917957881655382018
918208200184180736
918318019717271553
918569797893476353
918673271884734464
918915830020272128
919022229500973056
919284119418425344
919359614570729473
919635502327844864
919753320771698688
919997883927101441
920109396243439616
920385482655195143
920486447567613953
920719681950027780
920838435111305216
921129707860619264
921181698913685507
921498866041675777
921553752754216960
921783668372393984
921888762606501888
922210207471726593
922278299337883648
922559994607759362
922681553242742784
922928238896263168
923006430453493760
923306385554542592
923349288779907072
923628208339193856
923734927031508992
923992026122682369
924099654123442178
924370165361512448
924489504093696000
924731292658348032
924818140579504128
925082298575392768
925210722862235648
925457248079548427
925561759867555840
925806089798606849
925886174450855941
926173244964687873
926230634342813696
926531933789671424
926600074301358080
926881295459692544
926921249954996225
927272028687687680
927326615360753664
927638617899532288
927711384502140929
927986506324676609
928077543168602113
928367268605591555
928457940595499008
928717515844354050
928845887656353793
929072683291115520
929110875876790273
929414936710742018
929576017886416896
929789766471700481
929817711009583104
930152262902611969
930252456847556610
930528665078812672
930633713876127744
930884614817828869
930974311388721157
931262452133781506
931350342528307203
931614674109337600
931718608207654912
931958225510866945
932062441596481537
932318904545955841
932445468600123398
932703428714946560
932808039945637888
933095725696561152
933170425571500032
933440899119566848
933501110521704449
933769686843641856
933879104306368512
934130326338666497
934189871379382274
934508085938450437
934644129543442432
934846979468857351
934988964171218944
935240157678260225
935344760029671424
935587812530933760
935713681442328577
935951344766107654
936066193500155905
936320563307565059
936438190289899520
936679225788006400
936746910257467394
937042093444292608
937045225230528512
937422371270594560
937487802219970561
937765942615883776
937881469321666560
938143445486465024
938203793598054401
938512099101245447
938554050257309701
938863040304357376
938913672205864960
939213634328236032
939273486270324737
939540959372697603
939622206434414592
939956695198924800
940055797995782144
940318001861218309
940398965094203392
940683565171380224
940780583705366528
941048809957797888
941143286101704705
941406440668979200
941454427315232768
941736167581667328
941870593594544129
942151771627155457
942164420314255362
942492861521678337
942571187309248513
942815011843530752
942958905868673025
943223900141490176
943279709097299968
943577382597750784
943665974724694021
943944734271328257
944042070213349377
944286258662064128
944345243679428609
944617267794448384
944757711987793920
944991576710942721
945036854558064640
945353456281423874
945408221107376129
945742549276348416
945817757630676992
946106500119973888
946216390847029248
946492169736671232
946524461037244417
946805388556537856
946863473887207425
947177106055876608
947251748711800832
947528341862707201
947665942498217984
947909537859809281
947982525355343872
948260856281911298
948383425190391808
948659960535162880
948752734743879681
948987275924221952
949087099961012224
949366398702309377
949474540110819329
949741914957361153
949834157953339392
950118576651931648
950214529266438145
950490376346984449
950534278130974720
950827019675238406
950927436396613632
951184882763485184
951262560619192320
951549940504948736
951634836065804288
951896533028524032
952003241922871296
952273828897546240
952318310556880902
952649322478428160
952708633762004992
952990290717102080
953107558746738688
953375207678345221
953448249276248064
953719699308650496
953838926816399360
954077451075932160
954185466609393665
954468596041777152
954539243073822720
954792966966542336
954880375528087553
955185698134548480
955276626132058112
955548448853544962
955622340636889088
955897150461923328
956000879177498624
956260359341531139
956383607504896001
956623991539630081
956695691006496768
956987984888332293
957086082461396992
957346170594058240
957467989208526848
957717191750766592
957774384290258944
958085848217653249
958175195419889665
958455600840667136
958560601621573632
958814634915651585
958914014725267456
959170563246706688
959251523137036289
959523157198626816
959594471976443904
959879009445208064
959978548546154496
960236787217117184
960367965429313536
960600245905313792
960711914639839233
960982966066470913
961074296515899393
961348367073898497
961418902684274690
961692544554893312
961787656899186688
962049982692929537
962170760382025728
962431628193624064
962523847475060741
962764306419998720
962876512037777408
963147362410508288
963264781913415681
963524148214591488
963611034022969345
963881415787003904
963966032141434881
964224305558163456
964329538766475264
964610488024825860
964665608012025861
964971438934577157
965030434617913344
965300695753789441
965422960881426432
965655388539576320
965757935061258240
966051492489781248
966149205965377536
966420103419105280
966510112826445824
966753251067617281
966852116185694209
967123409665748992
967221078048337920
967523252473036806
967622644672712709
967863380005539841
967965827529093120
968221255294963722
968316782367866880
968580775477153792
968668938618929153
968957642591916032
969061789458612224
969297425314742272
969415838372696064
969680079671480320
969752269485891584
970037714245554176
970101200900280326
970383613119184896
970480816802250752
970747283494068224
970826431658737664
971118868855914498
971227663884062721
971486861075116033
971583546803531776
971856045231484933
971943645506101248
972218158831501314
972309338516697088
972579945049358336
972670709427208192
972936418447233029
973023072554029056
973310336957927425
973404393822355457
973673591819722757
973759068341985280
974031694947864576
974142524783607808
974393883676364801
974497351867027456
974746607039270913
974829936346267648
975109473453912064
975235897947049984
975481462274355201
975573408632074241
975840129616171008
975927825055338497
976206011538268161
976310961316376577
976562898901323776
976647170794446849
976942901061148672
977012555825721344
977303720730927104
977366651774689281
977649894340153347
977748313976942592
978005102391947265
978135442800353280
978392013971353601
978489734287843329
978741318263296001
978845694147534848
994874803478761474
994995871925272576
995238843753422848
995334194862608384
995486050821791744
